0 info it worked if it ends with ok
1 verbose cli [ 'node', '/usr/local/bin/npm', 'i', '-D', 'sanitize-css' ]
2 info using npm@1.4.28
3 info using node@v0.10.35
4 warn package.json ji_2015@1.0.0 No repository field.
5 warn package.json path@0.12.7 path is also the name of a node core module.
6 verbose readDependencies using package.json deps
7 verbose cache add [ 'sanitize-css', null ]
8 verbose cache add name=undefined spec="sanitize-css" args=["sanitize-css",null]
9 verbose parsed url { protocol: null,
9 verbose parsed url   slashes: null,
9 verbose parsed url   auth: null,
9 verbose parsed url   host: null,
9 verbose parsed url   port: null,
9 verbose parsed url   hostname: null,
9 verbose parsed url   hash: null,
9 verbose parsed url   search: null,
9 verbose parsed url   query: null,
9 verbose parsed url   pathname: 'sanitize-css',
9 verbose parsed url   path: 'sanitize-css',
9 verbose parsed url   href: 'sanitize-css' }
10 silly lockFile e8446785-sanitize-css sanitize-css
11 verbose lock sanitize-css /Users/jacobimlay/.npm/e8446785-sanitize-css.lock
12 silly lockFile e8446785-sanitize-css sanitize-css
13 silly lockFile e8446785-sanitize-css sanitize-css
14 verbose addNamed [ 'sanitize-css', '' ]
15 verbose addNamed [ null, '*' ]
16 silly lockFile 7c3cb146-sanitize-css sanitize-css@
17 verbose lock sanitize-css@ /Users/jacobimlay/.npm/7c3cb146-sanitize-css.lock
18 silly addNameRange { name: 'sanitize-css', range: '*', hasData: false }
19 verbose request where is /sanitize-css
20 verbose request registry https://registry.npmjs.org/
21 verbose request id b8cca54c8c80efb4
22 verbose url raw /sanitize-css
23 verbose url resolving [ 'https://registry.npmjs.org/', './sanitize-css' ]
24 verbose url resolved https://registry.npmjs.org/sanitize-css
25 verbose request where is https://registry.npmjs.org/sanitize-css
26 info trying registry request attempt 1 at 13:39:59
27 http GET https://registry.npmjs.org/sanitize-css
28 http 404 https://registry.npmjs.org/sanitize-css
29 silly registry.get cb [ 404,
29 silly registry.get   { 'content-type': 'application/json',
29 silly registry.get     'cache-control': 'max-age=0',
29 silly registry.get     'content-length': '2',
29 silly registry.get     'accept-ranges': 'bytes',
29 silly registry.get     date: 'Wed, 23 Sep 2015 19:40:00 GMT',
29 silly registry.get     via: '1.1 varnish',
29 silly registry.get     age: '0',
29 silly registry.get     connection: 'keep-alive',
29 silly registry.get     'x-served-by': 'cache-ord1733-ORD',
29 silly registry.get     'x-cache': 'MISS',
29 silly registry.get     'x-cache-hits': '0',
29 silly registry.get     'x-timer': 'S1443037200.649875,VS0,VE76' } ]
30 silly lockFile 7c3cb146-sanitize-css sanitize-css@
31 silly lockFile 7c3cb146-sanitize-css sanitize-css@
32 error 404 Not Found
32 error 404
32 error 404 'sanitize-css' is not in the npm registry.
32 error 404 You should bug the author to publish it
32 error 404 It was specified as a dependency of 'ji_2015'
32 error 404
32 error 404 Note that you can also install from a
32 error 404 tarball, folder, or http url, or git url.
33 error System Darwin 14.5.0
34 error command "node" "/usr/local/bin/npm" "i" "-D" "sanitize-css"
35 error cwd /Users/jacobimlay/playground/portfolio
36 error node -v v0.10.35
37 error npm -v 1.4.28
38 error code E404
39 verbose exit [ 1, true ]
